⚠ Warning: Next.js inferred your workspace root, but it may not be correct.
 We detected multiple lockfiles and selected the directory of C:\Users\siddh\package-lock.json as the root directory.
 To silence this warning, set `turbopack.root` in your Next.js config, or consider removing one of the lockfiles if it's not needed.
   See https://nextjs.org/docs/app/api-reference/config/next-config-js/turbopack#root-directory for more information.
 Detected additional lockfiles: 
   * C:\Users\siddh\Downloads\Earthana\Earthana\package-lock.json

▲ Next.js 16.1.1 (Turbopack)
- Environments: .env.local
- Experiments (use with caution):
  · serverActions

⚠ The "middleware" file convention is deprecated. Please use "proxy" instead. Learn more: https://nextjs.org/docs/messages/middleware-to-proxy
  Creating an optimized production build ...
✓ Compiled successfully in 19.7s
  Skipping validation of types
  Collecting page data using 11 workers ...
  Generating static pages using 11 workers (0/95) ...
  Generating static pages using 11 workers (23/95) 
  Generating static pages using 11 workers (47/95) 
  Generating static pages using 11 workers (71/95) 
✓ Generating static pages using 11 workers (95/95) in 3.7s
  Finalizing page optimization ...

Route (app)
┌ ƒ /
├ ƒ /_not-found
├ ƒ /accounts
├ ƒ /accounts/banking
├ ƒ /accounts/banking/[id]
├ ƒ /accounts/receipts
├ ƒ /accounts/reports
├ ƒ /accounts/settings
├ ƒ /accounts/settings/categories
├ ƒ /accounts/transactions
├ ƒ /accounts/transactions/[id]/voucher
├ ƒ /accounts/transactions/new
├ ƒ /accounts/verify
├ ƒ /activity
├ ƒ /activity/calendar
├ ƒ /activity/chat
├ ƒ /activity/documents
├ ƒ /activity/todo
├ ƒ /admin
├ ƒ /admin/access-control
├ ƒ /admin/ara
├ ƒ /admin/audit
├ ƒ /admin/security
├ ƒ /admin/settings
├ ƒ /admin/simulation
├ ƒ /api/accounting/petty-cash
├ ƒ /api/auth/[...nextauth]
├ ƒ /api/health
├ ƒ /api/seed
├ ƒ /api/test-db
├ ƒ /assets
├ ƒ /assets/list
├ ƒ /assets/maintenance
├ ƒ /change-password
├ ƒ /contacts
├ ƒ /contacts/add
├ ƒ /contacts/clients
├ ƒ /contacts/consultants
├ ƒ /contacts/edit/[id]
├ ƒ /contacts/leads
├ ƒ /contacts/vendors
├ ƒ /dashboards/customer
├ ƒ /dashboards/employee
├ ƒ /dashboards/guest
├ ƒ /dashboards/manager
├ ƒ /dashboards/super-admin
├ ƒ /dashboards/vendor
├ ƒ /goals
├ ƒ /goals/admin
├ ƒ /goals/assign
├ ƒ /goals/board
├ ƒ /goals/kpi
├ ƒ /goals/plan
├ ƒ /goals/review
├ ƒ /goals/templates
├ ƒ /hrm
├ ƒ /hrm/attendance
├ ƒ /hrm/attendance-report
├ ƒ /hrm/documents
├ ƒ /hrm/employees
├ ƒ /hrm/employees/[id]
├ ƒ /hrm/employees/[id]/salary
├ ƒ /hrm/interview
├ ƒ /hrm/leave
├ ƒ /hrm/payroll
├ ƒ /hrm/staff-access
├ ƒ /inventory
├ ƒ /inventory/adjustments
├ ƒ /inventory/categories
├ ƒ /inventory/products
├ ƒ /login
├ ƒ /marketing
├ ƒ /marketing/ai-content
├ ƒ /marketing/campaigns
├ ƒ /marketing/social
├ ƒ /marketing/whatsapp
├ ƒ /masters
├ ƒ /masters/company
├ ƒ /masters/departments
├ ƒ /masters/kpi-assignments
├ ƒ /masters/kpi-metrics
├ ƒ /masters/kpi-targets
├ ƒ /masters/project-templates
├ ƒ /masters/subsidiaries
├ ƒ /masters/teams
├ ƒ /masters/users
├ ƒ /masters/usertypes
├ ƒ /masters/usertypes/[id]
├ ƒ /masters/usertypes/create
├ ƒ /masters/vendor-categories
├ ƒ /masters/vendors
├ ƒ /projects
├ ƒ /projects/[id]
├ ƒ /projects/[id]/stages
├ ƒ /projects/[id]/stages/[stageId]
├ ƒ /projects/board
├ ƒ /projects/list
├ ƒ /projects/tasks
├ ƒ /purchase
├ ƒ /purchase/grn
├ ƒ /purchase/orders
├ ƒ /purchase/vendors
├ ƒ /register
├ ƒ /sales
├ ƒ /sales/automation
├ ƒ /sales/invoices
├ ƒ /sales/leads
├ ƒ /sales/orders
├ ƒ /sales/pipeline
├ ƒ /settings/masters
├ ƒ /test-setup
└ ƒ /work-orders


ƒ Proxy (Middleware)

ƒ  (Dynamic)  server-rendered on demand

