[2026-01-19T08:18:55.727Z] Connecting to DB for Create Task... 
[2026-01-19T08:18:55.729Z] DB Connected. Fetching session... 
[2026-01-19T08:18:55.805Z] Session User ID: 
[2026-01-19T08:18:55.807Z] Error: Unauthorized - No user session 
[2026-01-19T08:18:55.810Z] Create Task Error Dump: {}
[2026-01-19T08:19:01.993Z] Connecting to DB for Create Task... 
[2026-01-19T08:19:01.995Z] DB Connected. Fetching session... 
[2026-01-19T08:19:02.088Z] Session User ID: 
[2026-01-19T08:19:02.090Z] Error: Unauthorized - No user session 
[2026-01-19T08:19:02.091Z] Create Task Error Dump: {}
[2026-01-19T08:21:15.893Z] Connecting to DB for Create Task... 
[2026-01-19T08:21:15.897Z] DB Connected. Fetching session... 
[2026-01-19T08:21:15.978Z] Session User ID: "696a3e4af42ddde45ec7f88f"
[2026-01-19T08:21:15.985Z] Saving new task... {"title":"test","status":"To Do","priority":"Medium","assignees":[],"tags":[],"attachments":[],"createdBy":"696a3e4af42ddde45ec7f88f","_id":"696de97b49bc5bea5a8aaa68"}
[2026-01-19T08:21:16.021Z] Task saved successfully "696de97b49bc5bea5a8aaa68"
[2026-01-19T08:21:31.558Z] Connecting to DB for Create Task... 
[2026-01-19T08:21:31.559Z] DB Connected. Fetching session... 
[2026-01-19T08:21:31.606Z] Session User ID: "696a3e4af42ddde45ec7f88f"
[2026-01-19T08:21:31.608Z] Saving new task... {"title":"test2","status":"To Do","priority":"Medium","assignees":[],"tags":[],"attachments":[],"createdBy":"696a3e4af42ddde45ec7f88f","_id":"696de98b49bc5bea5a8aaa6b"}
[2026-01-19T08:21:31.621Z] Task saved successfully "696de98b49bc5bea5a8aaa6b"
[2026-01-19T08:46:27.482Z] Connecting to DB for Create Task... 
[2026-01-19T08:46:27.484Z] DB Connected. Fetching session... 
[2026-01-19T08:46:27.555Z] Session User ID: "696a3e4af42ddde45ec7f88f"
[2026-01-19T08:46:27.559Z] Saving new task... {"title":"Delete Me Priority Test","status":"To Do","priority":"High","assignees":[],"tags":[],"attachments":[],"createdBy":"696a3e4af42ddde45ec7f88f","_id":"696def6349bc5bea5a8aabc1"}
[2026-01-19T08:46:27.583Z] Task saved successfully "696def6349bc5bea5a8aabc1"
[2026-01-19T08:50:09.549Z] Deleting Task... "696def6349bc5bea5a8aabc1"
[2026-01-19T08:50:09.600Z] Task Deleted "696def6349bc5bea5a8aabc1"
[2026-01-19T09:04:48.388Z] Updating Task... {"id":"696de97b49bc5bea5a8aaa68","data":{"status":"Done"}}
[2026-01-19T09:04:48.416Z] Task Updated "696de97b49bc5bea5a8aaa68"
[2026-01-19T09:04:54.373Z] Updating Task... {"id":"696de97b49bc5bea5a8aaa68","data":{"status":"Archived"}}
[2026-01-19T09:04:54.394Z] Task Updated "696de97b49bc5bea5a8aaa68"
[2026-01-19T09:04:56.538Z] Updating Task... {"id":"696de98b49bc5bea5a8aaa6b","data":{"status":"Done"}}
[2026-01-19T09:04:56.560Z] Task Updated "696de98b49bc5bea5a8aaa6b"
[2026-01-19T09:05:14.218Z] Updating Task... {"id":"696de98b49bc5bea5a8aaa6b","data":{"status":"Archived"}}
[2026-01-19T09:05:14.245Z] Task Updated "696de98b49bc5bea5a8aaa6b"
[2026-01-19T09:05:45.983Z] Updating Task... {"id":"696de98b49bc5bea5a8aaa6b","data":{"status":"Done"}}
[2026-01-19T09:05:46.006Z] Task Updated "696de98b49bc5bea5a8aaa6b"
[2026-01-19T09:05:48.935Z] Updating Task... {"id":"696de97b49bc5bea5a8aaa68","data":{"status":"Done"}}
[2026-01-19T09:05:48.962Z] Task Updated "696de97b49bc5bea5a8aaa68"
